<?xml version="1.0" encoding="UTF-8"?>
<testsuite xmlns:xsi="http://www.w3.org/2001/XMLSchema-instance" xsi:noNamespaceSchemaLocation="https://maven.apache.org/surefire/maven-surefire-plugin/xsd/surefire-test-report.xsd" name="TestSuite" time="34.361" tests="5" errors="0" skipped="0" failures="2">
  <properties>
    <property name="gopherProxySet" value="false"/>
    <property name="awt.toolkit" value="sun.lwawt.macosx.LWCToolkit"/>
    <property name="file.encoding.pkg" value="sun.io"/>
    <property name="java.specification.version" value="1.8"/>
    <property name="sun.cpu.isalist" value=""/>
    <property name="sun.jnu.encoding" value="UTF-8"/>
    <property name="java.class.path" value="/Users/dshchetynina/Downloads/framework/target/test-classes:/Users/dshchetynina/Downloads/framework/target/classes:/Users/dshchetynina/.m2/repository/org/seleniumhq/selenium/selenium-java/3.14.0/selenium-java-3.14.0.jar:/Users/dshchetynina/.m2/repository/org/seleniumhq/selenium/selenium-api/3.14.0/selenium-api-3.14.0.jar:/Users/dshchetynina/.m2/repository/org/seleniumhq/selenium/selenium-chrome-driver/3.14.0/selenium-chrome-driver-3.14.0.jar:/Users/dshchetynina/.m2/repository/org/seleniumhq/selenium/selenium-edge-driver/3.14.0/selenium-edge-driver-3.14.0.jar:/Users/dshchetynina/.m2/repository/org/seleniumhq/selenium/selenium-firefox-driver/3.14.0/selenium-firefox-driver-3.14.0.jar:/Users/dshchetynina/.m2/repository/org/seleniumhq/selenium/selenium-ie-driver/3.14.0/selenium-ie-driver-3.14.0.jar:/Users/dshchetynina/.m2/repository/org/seleniumhq/selenium/selenium-opera-driver/3.14.0/selenium-opera-driver-3.14.0.jar:/Users/dshchetynina/.m2/repository/org/seleniumhq/selenium/selenium-remote-driver/3.14.0/selenium-remote-driver-3.14.0.jar:/Users/dshchetynina/.m2/repository/org/seleniumhq/selenium/selenium-safari-driver/3.14.0/selenium-safari-driver-3.14.0.jar:/Users/dshchetynina/.m2/repository/org/seleniumhq/selenium/selenium-support/3.14.0/selenium-support-3.14.0.jar:/Users/dshchetynina/.m2/repository/net/bytebuddy/byte-buddy/1.8.15/byte-buddy-1.8.15.jar:/Users/dshchetynina/.m2/repository/org/apache/commons/commons-exec/1.3/commons-exec-1.3.jar:/Users/dshchetynina/.m2/repository/commons-codec/commons-codec/1.10/commons-codec-1.10.jar:/Users/dshchetynina/.m2/repository/commons-logging/commons-logging/1.2/commons-logging-1.2.jar:/Users/dshchetynina/.m2/repository/com/google/guava/guava/25.0-jre/guava-25.0-jre.jar:/Users/dshchetynina/.m2/repository/com/google/code/findbugs/jsr305/1.3.9/jsr305-1.3.9.jar:/Users/dshchetynina/.m2/repository/org/checkerframework/checker-compat-qual/2.0.0/checker-compat-qual-2.0.0.jar:/Users/dshchetynina/.m2/repository/com/google/errorprone/error_prone_annotations/2.1.3/error_prone_annotations-2.1.3.jar:/Users/dshchetynina/.m2/repository/com/google/j2objc/j2objc-annotations/1.1/j2objc-annotations-1.1.jar:/Users/dshchetynina/.m2/repository/org/codehaus/mojo/animal-sniffer-annotations/1.14/animal-sniffer-annotations-1.14.jar:/Users/dshchetynina/.m2/repository/org/apache/httpcomponents/httpclient/4.5.5/httpclient-4.5.5.jar:/Users/dshchetynina/.m2/repository/org/apache/httpcomponents/httpcore/4.4.9/httpcore-4.4.9.jar:/Users/dshchetynina/.m2/repository/com/squareup/okhttp3/okhttp/3.10.0/okhttp-3.10.0.jar:/Users/dshchetynina/.m2/repository/com/squareup/okio/okio/1.14.1/okio-1.14.1.jar:/Users/dshchetynina/.m2/repository/io/appium/java-client/6.1.0/java-client-6.1.0.jar:/Users/dshchetynina/.m2/repository/com/google/code/gson/gson/2.8.4/gson-2.8.4.jar:/Users/dshchetynina/.m2/repository/cglib/cglib/3.2.6/cglib-3.2.6.jar:/Users/dshchetynina/.m2/repository/org/ow2/asm/asm/6.0/asm-6.0.jar:/Users/dshchetynina/.m2/repository/org/apache/ant/ant/1.9.6/ant-1.9.6.jar:/Users/dshchetynina/.m2/repository/org/apache/ant/ant-launcher/1.9.6/ant-launcher-1.9.6.jar:/Users/dshchetynina/.m2/repository/commons-validator/commons-validator/1.6/commons-validator-1.6.jar:/Users/dshchetynina/.m2/repository/commons-beanutils/commons-beanutils/1.9.2/commons-beanutils-1.9.2.jar:/Users/dshchetynina/.m2/repository/commons-digester/commons-digester/1.8.1/commons-digester-1.8.1.jar:/Users/dshchetynina/.m2/repository/commons-collections/commons-collections/3.2.2/commons-collections-3.2.2.jar:/Users/dshchetynina/.m2/repository/org/apache/commons/commons-lang3/3.7/commons-lang3-3.7.jar:/Users/dshchetynina/.m2/repository/commons-io/commons-io/2.6/commons-io-2.6.jar:/Users/dshchetynina/.m2/repository/org/springframework/spring-context/5.0.5.RELEASE/spring-context-5.0.5.RELEASE.jar:/Users/dshchetynina/.m2/repository/org/springframework/spring-aop/5.0.5.RELEASE/spring-aop-5.0.5.RELEASE.jar:/Users/dshchetynina/.m2/repository/org/springframework/spring-beans/5.0.5.RELEASE/spring-beans-5.0.5.RELEASE.jar:/Users/dshchetynina/.m2/repository/org/springframework/spring-core/5.0.5.RELEASE/spring-core-5.0.5.RELEASE.jar:/Users/dshchetynina/.m2/repository/org/springframework/spring-jcl/5.0.5.RELEASE/spring-jcl-5.0.5.RELEASE.jar:/Users/dshchetynina/.m2/repository/org/springframework/spring-expression/5.0.5.RELEASE/spring-expression-5.0.5.RELEASE.jar:/Users/dshchetynina/.m2/repository/org/aspectj/aspectjweaver/1.9.1/aspectjweaver-1.9.1.jar:/Users/dshchetynina/.m2/repository/org/openpnp/opencv/3.2.0-1/opencv-3.2.0-1.jar:/Users/dshchetynina/.m2/repository/org/testng/testng/6.14.3/testng-6.14.3.jar:/Users/dshchetynina/.m2/repository/com/beust/jcommander/1.72/jcommander-1.72.jar:/Users/dshchetynina/.m2/repository/org/apache-extras/beanshell/bsh/2.0b6/bsh-2.0b6.jar:/Users/dshchetynina/.m2/repository/io/qameta/allure/allure-testng/2.6.0/allure-testng-2.6.0.jar:/Users/dshchetynina/.m2/repository/io/qameta/allure/allure-descriptions-javadoc/2.6.0/allure-descriptions-javadoc-2.6.0.jar:/Users/dshchetynina/.m2/repository/io/qameta/allure/allure-java-commons/2.6.0/allure-java-commons-2.6.0.jar:/Users/dshchetynina/.m2/repository/io/qameta/allure/allure2-model-api/1.0-BETA6/allure2-model-api-1.0-BETA6.jar:/Users/dshchetynina/.m2/repository/io/qameta/allure/allure2-model-pojo/1.0-BETA6/allure2-model-pojo-1.0-BETA6.jar:/Users/dshchetynina/.m2/repository/org/apache/tika/tika-core/1.14/tika-core-1.14.jar:/Users/dshchetynina/.m2/repository/io/qameta/allure/allure2-model-jackson/1.0-BETA6/allure2-model-jackson-1.0-BETA6.jar:/Users/dshchetynina/.m2/repository/com/fasterxml/jackson/core/jackson-databind/2.7.0/jackson-databind-2.7.0.jar:/Users/dshchetynina/.m2/repository/com/fasterxml/jackson/core/jackson-annotations/2.7.0/jackson-annotations-2.7.0.jar:/Users/dshchetynina/.m2/repository/com/fasterxml/jackson/core/jackson-core/2.7.0/jackson-core-2.7.0.jar:/Users/dshchetynina/.m2/repository/com/fasterxml/jackson/module/jackson-module-jaxb-annotations/2.7.0/jackson-module-jaxb-annotations-2.7.0.jar:/Users/dshchetynina/.m2/repository/org/aspectj/aspectjrt/1.8.10/aspectjrt-1.8.10.jar:/Users/dshchetynina/.m2/repository/org/jooq/joor/0.9.6/joor-0.9.6.jar:/Users/dshchetynina/.m2/repository/org/slf4j/slf4j-api/1.7.21/slf4j-api-1.7.21.jar:/Users/dshchetynina/.m2/repository/org/apache/maven/surefire/surefire-testng-utils/2.20.1/surefire-testng-utils-2.20.1.jar:/Users/dshchetynina/.m2/repository/org/apache/maven/surefire/surefire-grouper/2.20.1/surefire-grouper-2.20.1.jar:"/>
    <property name="java.vm.vendor" value="Oracle Corporation"/>
    <property name="sun.arch.data.model" value="64"/>
    <property name="java.vendor.url" value="http://java.oracle.com/"/>
    <property name="user.timezone" value=""/>
    <property name="java.vm.specification.version" value="1.8"/>
    <property name="os.name" value="Mac OS X"/>
    <property name="user.country" value="UA"/>
    <property name="sun.java.launcher" value="SUN_STANDARD"/>
    <property name="sun.boot.library.path" value="/Library/Java/JavaVirtualMachines/jdk1.8.0_192.jdk/Contents/Home/jre/lib"/>
    <property name="sun.java.command" value="/Users/dshchetynina/Downloads/framework/target/surefire/surefirebooter1392471942492370393.jar /Users/dshchetynina/Downloads/framework/target/surefire 2018-11-19T19-17-07_910-jvmRun1 surefire6317009520060293491tmp surefire_08215365710688170041tmp"/>
    <property name="http.nonProxyHosts" value="local|*.local|169.254/16|*.169.254/16"/>
    <property name="surefire.test.class.path" value="/Users/dshchetynina/Downloads/framework/target/test-classes:/Users/dshchetynina/Downloads/framework/target/classes:/Users/dshchetynina/.m2/repository/org/seleniumhq/selenium/selenium-java/3.14.0/selenium-java-3.14.0.jar:/Users/dshchetynina/.m2/repository/org/seleniumhq/selenium/selenium-api/3.14.0/selenium-api-3.14.0.jar:/Users/dshchetynina/.m2/repository/org/seleniumhq/selenium/selenium-chrome-driver/3.14.0/selenium-chrome-driver-3.14.0.jar:/Users/dshchetynina/.m2/repository/org/seleniumhq/selenium/selenium-edge-driver/3.14.0/selenium-edge-driver-3.14.0.jar:/Users/dshchetynina/.m2/repository/org/seleniumhq/selenium/selenium-firefox-driver/3.14.0/selenium-firefox-driver-3.14.0.jar:/Users/dshchetynina/.m2/repository/org/seleniumhq/selenium/selenium-ie-driver/3.14.0/selenium-ie-driver-3.14.0.jar:/Users/dshchetynina/.m2/repository/org/seleniumhq/selenium/selenium-opera-driver/3.14.0/selenium-opera-driver-3.14.0.jar:/Users/dshchetynina/.m2/repository/org/seleniumhq/selenium/selenium-remote-driver/3.14.0/selenium-remote-driver-3.14.0.jar:/Users/dshchetynina/.m2/repository/org/seleniumhq/selenium/selenium-safari-driver/3.14.0/selenium-safari-driver-3.14.0.jar:/Users/dshchetynina/.m2/repository/org/seleniumhq/selenium/selenium-support/3.14.0/selenium-support-3.14.0.jar:/Users/dshchetynina/.m2/repository/net/bytebuddy/byte-buddy/1.8.15/byte-buddy-1.8.15.jar:/Users/dshchetynina/.m2/repository/org/apache/commons/commons-exec/1.3/commons-exec-1.3.jar:/Users/dshchetynina/.m2/repository/commons-codec/commons-codec/1.10/commons-codec-1.10.jar:/Users/dshchetynina/.m2/repository/commons-logging/commons-logging/1.2/commons-logging-1.2.jar:/Users/dshchetynina/.m2/repository/com/google/guava/guava/25.0-jre/guava-25.0-jre.jar:/Users/dshchetynina/.m2/repository/com/google/code/findbugs/jsr305/1.3.9/jsr305-1.3.9.jar:/Users/dshchetynina/.m2/repository/org/checkerframework/checker-compat-qual/2.0.0/checker-compat-qual-2.0.0.jar:/Users/dshchetynina/.m2/repository/com/google/errorprone/error_prone_annotations/2.1.3/error_prone_annotations-2.1.3.jar:/Users/dshchetynina/.m2/repository/com/google/j2objc/j2objc-annotations/1.1/j2objc-annotations-1.1.jar:/Users/dshchetynina/.m2/repository/org/codehaus/mojo/animal-sniffer-annotations/1.14/animal-sniffer-annotations-1.14.jar:/Users/dshchetynina/.m2/repository/org/apache/httpcomponents/httpclient/4.5.5/httpclient-4.5.5.jar:/Users/dshchetynina/.m2/repository/org/apache/httpcomponents/httpcore/4.4.9/httpcore-4.4.9.jar:/Users/dshchetynina/.m2/repository/com/squareup/okhttp3/okhttp/3.10.0/okhttp-3.10.0.jar:/Users/dshchetynina/.m2/repository/com/squareup/okio/okio/1.14.1/okio-1.14.1.jar:/Users/dshchetynina/.m2/repository/io/appium/java-client/6.1.0/java-client-6.1.0.jar:/Users/dshchetynina/.m2/repository/com/google/code/gson/gson/2.8.4/gson-2.8.4.jar:/Users/dshchetynina/.m2/repository/cglib/cglib/3.2.6/cglib-3.2.6.jar:/Users/dshchetynina/.m2/repository/org/ow2/asm/asm/6.0/asm-6.0.jar:/Users/dshchetynina/.m2/repository/org/apache/ant/ant/1.9.6/ant-1.9.6.jar:/Users/dshchetynina/.m2/repository/org/apache/ant/ant-launcher/1.9.6/ant-launcher-1.9.6.jar:/Users/dshchetynina/.m2/repository/commons-validator/commons-validator/1.6/commons-validator-1.6.jar:/Users/dshchetynina/.m2/repository/commons-beanutils/commons-beanutils/1.9.2/commons-beanutils-1.9.2.jar:/Users/dshchetynina/.m2/repository/commons-digester/commons-digester/1.8.1/commons-digester-1.8.1.jar:/Users/dshchetynina/.m2/repository/commons-collections/commons-collections/3.2.2/commons-collections-3.2.2.jar:/Users/dshchetynina/.m2/repository/org/apache/commons/commons-lang3/3.7/commons-lang3-3.7.jar:/Users/dshchetynina/.m2/repository/commons-io/commons-io/2.6/commons-io-2.6.jar:/Users/dshchetynina/.m2/repository/org/springframework/spring-context/5.0.5.RELEASE/spring-context-5.0.5.RELEASE.jar:/Users/dshchetynina/.m2/repository/org/springframework/spring-aop/5.0.5.RELEASE/spring-aop-5.0.5.RELEASE.jar:/Users/dshchetynina/.m2/repository/org/springframework/spring-beans/5.0.5.RELEASE/spring-beans-5.0.5.RELEASE.jar:/Users/dshchetynina/.m2/repository/org/springframework/spring-core/5.0.5.RELEASE/spring-core-5.0.5.RELEASE.jar:/Users/dshchetynina/.m2/repository/org/springframework/spring-jcl/5.0.5.RELEASE/spring-jcl-5.0.5.RELEASE.jar:/Users/dshchetynina/.m2/repository/org/springframework/spring-expression/5.0.5.RELEASE/spring-expression-5.0.5.RELEASE.jar:/Users/dshchetynina/.m2/repository/org/aspectj/aspectjweaver/1.9.1/aspectjweaver-1.9.1.jar:/Users/dshchetynina/.m2/repository/org/openpnp/opencv/3.2.0-1/opencv-3.2.0-1.jar:/Users/dshchetynina/.m2/repository/org/testng/testng/6.14.3/testng-6.14.3.jar:/Users/dshchetynina/.m2/repository/com/beust/jcommander/1.72/jcommander-1.72.jar:/Users/dshchetynina/.m2/repository/org/apache-extras/beanshell/bsh/2.0b6/bsh-2.0b6.jar:/Users/dshchetynina/.m2/repository/io/qameta/allure/allure-testng/2.6.0/allure-testng-2.6.0.jar:/Users/dshchetynina/.m2/repository/io/qameta/allure/allure-descriptions-javadoc/2.6.0/allure-descriptions-javadoc-2.6.0.jar:/Users/dshchetynina/.m2/repository/io/qameta/allure/allure-java-commons/2.6.0/allure-java-commons-2.6.0.jar:/Users/dshchetynina/.m2/repository/io/qameta/allure/allure2-model-api/1.0-BETA6/allure2-model-api-1.0-BETA6.jar:/Users/dshchetynina/.m2/repository/io/qameta/allure/allure2-model-pojo/1.0-BETA6/allure2-model-pojo-1.0-BETA6.jar:/Users/dshchetynina/.m2/repository/org/apache/tika/tika-core/1.14/tika-core-1.14.jar:/Users/dshchetynina/.m2/repository/io/qameta/allure/allure2-model-jackson/1.0-BETA6/allure2-model-jackson-1.0-BETA6.jar:/Users/dshchetynina/.m2/repository/com/fasterxml/jackson/core/jackson-databind/2.7.0/jackson-databind-2.7.0.jar:/Users/dshchetynina/.m2/repository/com/fasterxml/jackson/core/jackson-annotations/2.7.0/jackson-annotations-2.7.0.jar:/Users/dshchetynina/.m2/repository/com/fasterxml/jackson/core/jackson-core/2.7.0/jackson-core-2.7.0.jar:/Users/dshchetynina/.m2/repository/com/fasterxml/jackson/module/jackson-module-jaxb-annotations/2.7.0/jackson-module-jaxb-annotations-2.7.0.jar:/Users/dshchetynina/.m2/repository/org/aspectj/aspectjrt/1.8.10/aspectjrt-1.8.10.jar:/Users/dshchetynina/.m2/repository/org/jooq/joor/0.9.6/joor-0.9.6.jar:/Users/dshchetynina/.m2/repository/org/slf4j/slf4j-api/1.7.21/slf4j-api-1.7.21.jar:/Users/dshchetynina/.m2/repository/org/apache/maven/surefire/surefire-testng-utils/2.20.1/surefire-testng-utils-2.20.1.jar:/Users/dshchetynina/.m2/repository/org/apache/maven/surefire/surefire-grouper/2.20.1/surefire-grouper-2.20.1.jar:"/>
    <property name="sun.cpu.endian" value="little"/>
    <property name="allure.results.directory" value="/Users/dshchetynina/Downloads/framework/target/allure-results"/>
    <property name="user.home" value="/Users/dshchetynina"/>
    <property name="user.language" value="en"/>
    <property name="java.specification.vendor" value="Oracle Corporation"/>
    <property name="java.home" value="/Library/Java/JavaVirtualMachines/jdk1.8.0_192.jdk/Contents/Home/jre"/>
    <property name="basedir" value="/Users/dshchetynina/Downloads/framework"/>
    <property name="file.separator" value="/"/>
    <property name="line.separator" value="&#10;"/>
    <property name="java.vm.specification.vendor" value="Oracle Corporation"/>
    <property name="java.specification.name" value="Java Platform API Specification"/>
    <property name="java.awt.graphicsenv" value="sun.awt.CGraphicsEnvironment"/>
    <property name="surefire.real.class.path" value="/Users/dshchetynina/Downloads/framework/target/surefire/surefirebooter1392471942492370393.jar:/Users/dshchetynina/.m2/repository/org/aspectj/aspectjweaver/1.8.10/aspectjweaver-1.8.10.jar"/>
    <property name="sun.boot.class.path" value="/Library/Java/JavaVirtualMachines/jdk1.8.0_192.jdk/Contents/Home/jre/lib/resources.jar:/Library/Java/JavaVirtualMachines/jdk1.8.0_192.jdk/Contents/Home/jre/lib/rt.jar:/Library/Java/JavaVirtualMachines/jdk1.8.0_192.jdk/Contents/Home/jre/lib/sunrsasign.jar:/Library/Java/JavaVirtualMachines/jdk1.8.0_192.jdk/Contents/Home/jre/lib/jsse.jar:/Library/Java/JavaVirtualMachines/jdk1.8.0_192.jdk/Contents/Home/jre/lib/jce.jar:/Library/Java/JavaVirtualMachines/jdk1.8.0_192.jdk/Contents/Home/jre/lib/charsets.jar:/Library/Java/JavaVirtualMachines/jdk1.8.0_192.jdk/Contents/Home/jre/lib/jfr.jar:/Library/Java/JavaVirtualMachines/jdk1.8.0_192.jdk/Contents/Home/jre/classes"/>
    <property name="sun.management.compiler" value="HotSpot 64-Bit Tiered Compilers"/>
    <property name="ftp.nonProxyHosts" value="local|*.local|169.254/16|*.169.254/16"/>
    <property name="java.runtime.version" value="1.8.0_192-b12"/>
    <property name="user.name" value="dshchetynina"/>
    <property name="path.separator" value=":"/>
    <property name="os.version" value="10.14"/>
    <property name="java.endorsed.dirs" value="/Library/Java/JavaVirtualMachines/jdk1.8.0_192.jdk/Contents/Home/jre/lib/endorsed"/>
    <property name="java.runtime.name" value="Java(TM) SE Runtime Environment"/>
    <property name="file.encoding" value="UTF-8"/>
    <property name="java.vm.name" value="Java HotSpot(TM) 64-Bit Server VM"/>
    <property name="localRepository" value="/Users/dshchetynina/.m2/repository"/>
    <property name="java.vendor.url.bug" value="http://bugreport.sun.com/bugreport/"/>
    <property name="java.io.tmpdir" value="/var/folders/cc/x6xrby8x4hd833kh6hl4yxs80000gp/T/"/>
    <property name="idea.version" value="2018.2.3"/>
    <property name="java.version" value="1.8.0_192"/>
    <property name="user.dir" value="/Users/dshchetynina/Downloads/framework"/>
    <property name="os.arch" value="x86_64"/>
    <property name="java.vm.specification.name" value="Java Virtual Machine Specification"/>
    <property name="java.awt.printerjob" value="sun.lwawt.macosx.CPrinterJob"/>
    <property name="sun.os.patch.level" value="unknown"/>
    <property name="java.library.path" value="/Users/dshchetynina/Library/Java/Extensions:/Library/Java/Extensions:/Network/Library/Java/Extensions:/System/Library/Java/Extensions:/usr/lib/java:."/>
    <property name="java.vm.info" value="mixed mode"/>
    <property name="java.vendor" value="Oracle Corporation"/>
    <property name="java.vm.version" value="25.192-b12"/>
    <property name="java.ext.dirs" value="/Users/dshchetynina/Library/Java/Extensions:/Library/Java/JavaVirtualMachines/jdk1.8.0_192.jdk/Contents/Home/jre/lib/ext:/Library/Java/Extensions:/Network/Library/Java/Extensions:/System/Library/Java/Extensions:/usr/lib/java"/>
    <property name="sun.io.unicode.encoding" value="UnicodeBig"/>
    <property name="java.class.version" value="52.0"/>
    <property name="socksNonProxyHosts" value="local|*.local|169.254/16|*.169.254/16"/>
  </properties>
  <testcase name="openAppAndVerifyAllNeededElementsPresent" classname="PositiveTests" time="2.12"/>
  <testcase name="verifyDivideCalculatorFunction" classname="PositiveTests" time="5.594"/>
  <testcase name="verifyMinusCalculatorFunction" classname="PositiveTests" time="5.842"/>
  <testcase name="verifyMultiplyCalculatorFunction" classname="PositiveTests" time="3.371">
    <failure message="An unknown server-side error occurred while processing the command. Original error: UiAUtomator shut down unexpectedly&#10;Build info: version: &apos;3.14.0&apos;, revision: &apos;aacccce0&apos;, time: &apos;2018-08-02T20:19:58.91Z&apos;&#10;System info: host: &apos;GDKHA6761-wf&apos;, ip: &apos;2a03:7380:2020:8ac5:f560:fb1f:3076:b221%en0&apos;, os.name: &apos;Mac OS X&apos;, os.arch: &apos;x86_64&apos;, os.version: &apos;10.14&apos;, java.version: &apos;1.8.0_192&apos;&#10;Driver info: io.appium.java_client.android.AndroidDriver&#10;Capabilities {app: /Users/dshchetynina/Downloa..., appActivity: com.android.calculator2.Cal..., appPackage: com.google.android.calculator, appWaitActivity: com.android.calculator2.Cal..., appWaitPackage: com.google.android.calculator, databaseEnabled: false, desired: {app: /Users/dshchetynina/Downloa..., deviceName: Nexus_5x, noReset: false, platformName: android}, deviceManufacturer: Google, deviceModel: Android SDK built for x86, deviceName: emulator-5554, deviceScreenSize: 1080x1920, deviceUDID: emulator-5554, javascriptEnabled: true, locationContextEnabled: false, networkConnectionEnabled: true, noReset: false, platform: LINUX, platformName: Android, platformVersion: 9, takesScreenshot: true, warnings: {}, webStorageEnabled: false}&#10;Session ID: 0d2a46bd-29b2-4764-b394-30fa43af7ae0&#10;*** Element info: {Using=xpath, value=//*[@resource-id=&apos;com.google.android.calculator:id/pad_operator&apos;]/*[@text=&apos;×&apos;]}" type="org.openqa.selenium.WebDriverException">org.openqa.selenium.WebDriverException: 
An unknown server-side error occurred while processing the command. Original error: UiAUtomator shut down unexpectedly
Build info: version: '3.14.0', revision: 'aacccce0', time: '2018-08-02T20:19:58.91Z'
System info: host: 'GDKHA6761-wf', ip: '2a03:7380:2020:8ac5:f560:fb1f:3076:b221%en0', os.name: 'Mac OS X', os.arch: 'x86_64', os.version: '10.14', java.version: '1.8.0_192'
Driver info: io.appium.java_client.android.AndroidDriver
Capabilities {app: /Users/dshchetynina/Downloa..., appActivity: com.android.calculator2.Cal..., appPackage: com.google.android.calculator, appWaitActivity: com.android.calculator2.Cal..., appWaitPackage: com.google.android.calculator, databaseEnabled: false, desired: {app: /Users/dshchetynina/Downloa..., deviceName: Nexus_5x, noReset: false, platformName: android}, deviceManufacturer: Google, deviceModel: Android SDK built for x86, deviceName: emulator-5554, deviceScreenSize: 1080x1920, deviceUDID: emulator-5554, javascriptEnabled: true, locationContextEnabled: false, networkConnectionEnabled: true, noReset: false, platform: LINUX, platformName: Android, platformVersion: 9, takesScreenshot: true, warnings: {}, webStorageEnabled: false}
Session ID: 0d2a46bd-29b2-4764-b394-30fa43af7ae0
*** Element info: {Using=xpath, value=//*[@resource-id='com.google.android.calculator:id/pad_operator']/*[@text='×']}
	at PositiveTests.verifyMultiplyCalculatorFunction(PositiveTests.java:84)
</failure>
    <system-out><![CDATA[[UiAutomator] UiAutomator exited unexpectedly with code 134, signal null
[W3C] Encountered internal error running command: Error: UiAUtomator shut down unexpectedly
[W3C]     at AndroidBootstrap.callee$2$0$ (/usr/local/lib/node_modules/appium/node_modules/appium-android-bootstrap/lib/bootstrap.js:176:42)
[W3C]     at tryCatch (/usr/local/lib/node_modules/appium/node_modules/babel-runtime/regenerator/runtime.js:67:40)
[W3C]     at GeneratorFunctionPrototype.invoke [as _invoke] (/usr/local/lib/node_modules/appium/node_modules/babel-runtime/regenerator/runtime.js:315:22)
[W3C]     at GeneratorFunctionPrototype.prototype.(anonymous function) [as next] (/usr/local/lib/node_modules/appium/node_modules/babel-runtime/regenerator/runtime.js:100:21)
[W3C]     at invoke (/usr/local/lib/node_modules/appium/node_modules/babel-runtime/regenerator/runtime.js:136:37)
[W3C]     at enqueueResult (/usr/local/lib/node_modules/appium/node_modules/babel-runtime/regenerator/runtime.js:185:17)
[W3C]     at new Promise (<anonymous>)
[W3C]     at new F (/usr/local/lib/node_modules/appium/node_modules/core-js/library/modules/$.export.js:30:36)
[W3C]     at AsyncIterator.enqueue (/usr/local/lib/node_modules/appium/node_modules/babel-runtime/regenerator/runtime.js:184:12)
[W3C]     at AsyncIterator.prototype.(anonymous function) [as next] (/usr/local/lib/node_modules/appium/node_modules/babel-runtime/regenerator/runtime.js:100:21)
[W3C]     at Object.runtime.async (/usr/local/lib/node_modules/appium/node_modules/babel-runtime/regenerator/runtime.js:209:12)
[W3C]     at UiAutomator.callee$2$0 (/usr/local/lib/node_modules/appium/node_modules/appium-android-bootstrap/build/lib/bootstrap.js:353:42)
[W3C]     at emitOne (events.js:116:13)
[W3C]     at UiAutomator.emit (events.js:211:7)
[W3C]     at UiAutomator.changeState (/usr/local/lib/node_modules/appium/node_modules/appium-uiautomator/lib/uiautomator.js:85:10)
[W3C]     at SubProcess.<anonymous> (/usr/local/lib/node_modules/appium/node_modules/appium-uiautomator/lib/uiautomator.js:47:14)
[W3C]     at emitTwo (events.js:126:13)
[W3C]     at SubProcess.emit (events.js:214:7)
[W3C]     at ChildProcess.<anonymous> (/usr/local/lib/node_modules/appium/node_modules/teen_process/lib/teen_process.js:240:14)
[W3C]     at emitTwo (events.js:126:13)
[W3C]     at ChildProcess.emit (events.js:214:7)
[W3C]     at Process.ChildProcess._handle.onexit (internal/child_process.js:198:12)
]]></system-out>
  </testcase>
  <testcase name="verifyPlusCalculatorFunction" classname="PositiveTests" time="0.016">
    <failure message="A session is either terminated or not started&#10;Build info: version: &apos;3.14.0&apos;, revision: &apos;aacccce0&apos;, time: &apos;2018-08-02T20:19:58.91Z&apos;&#10;System info: host: &apos;GDKHA6761-wf&apos;, ip: &apos;2a03:7380:2020:8ac5:f560:fb1f:3076:b221%en0&apos;, os.name: &apos;Mac OS X&apos;, os.arch: &apos;x86_64&apos;, os.version: &apos;10.14&apos;, java.version: &apos;1.8.0_192&apos;&#10;Driver info: io.appium.java_client.android.AndroidDriver&#10;Capabilities {app: /Users/dshchetynina/Downloa..., appActivity: com.android.calculator2.Cal..., appPackage: com.google.android.calculator, appWaitActivity: com.android.calculator2.Cal..., appWaitPackage: com.google.android.calculator, databaseEnabled: false, desired: {app: /Users/dshchetynina/Downloa..., deviceName: Nexus_5x, noReset: false, platformName: android}, deviceManufacturer: Google, deviceModel: Android SDK built for x86, deviceName: emulator-5554, deviceScreenSize: 1080x1920, deviceUDID: emulator-5554, javascriptEnabled: true, locationContextEnabled: false, networkConnectionEnabled: true, noReset: false, platform: LINUX, platformName: Android, platformVersion: 9, takesScreenshot: true, warnings: {}, webStorageEnabled: false}&#10;Session ID: 0d2a46bd-29b2-4764-b394-30fa43af7ae0" type="org.openqa.selenium.NoSuchSessionException">org.openqa.selenium.NoSuchSessionException: 
A session is either terminated or not started
Build info: version: '3.14.0', revision: 'aacccce0', time: '2018-08-02T20:19:58.91Z'
System info: host: 'GDKHA6761-wf', ip: '2a03:7380:2020:8ac5:f560:fb1f:3076:b221%en0', os.name: 'Mac OS X', os.arch: 'x86_64', os.version: '10.14', java.version: '1.8.0_192'
Driver info: io.appium.java_client.android.AndroidDriver
Capabilities {app: /Users/dshchetynina/Downloa..., appActivity: com.android.calculator2.Cal..., appPackage: com.google.android.calculator, appWaitActivity: com.android.calculator2.Cal..., appWaitPackage: com.google.android.calculator, databaseEnabled: false, desired: {app: /Users/dshchetynina/Downloa..., deviceName: Nexus_5x, noReset: false, platformName: android}, deviceManufacturer: Google, deviceModel: Android SDK built for x86, deviceName: emulator-5554, deviceScreenSize: 1080x1920, deviceUDID: emulator-5554, javascriptEnabled: true, locationContextEnabled: false, networkConnectionEnabled: true, noReset: false, platform: LINUX, platformName: Android, platformVersion: 9, takesScreenshot: true, warnings: {}, webStorageEnabled: false}
Session ID: 0d2a46bd-29b2-4764-b394-30fa43af7ae0
	at PositiveTests.verifyPlusCalculatorFunction(PositiveTests.java:40)
</failure>
  </testcase>
</testsuite>